{
  "RSpec": {
    "coverage": {
      "/Users/timothyblanchard/Projects/Makers/bookmark_manager/app.rb": [
        1,
        1,
        1,
        1,
        1,
        0,
        null,
        null,
        1,
        2,
        2,
        null,
        null,
        1,
        1,
        null,
        null,
        1,
        1,
        1,
        1,
        1,
        null,
        null,
        1,
        null
      ],
      "/Users/timothyblanchard/Projects/Makers/bookmark_manager/spec/bookmark_spec.rb": [
        1,
        1,
        1,
        1,
        1,
        1,
        1,
        1,
        null,
        null
      ],
      "/Users/timothyblanchard/Projects/Makers/bookmark_manager/spec/creating_bookmark_spec.rb": [
        1,
        1,
        1,
        1,
        1,
        1,
        null,
        null
      ],
      "/Users/timothyblanchard/Projects/Makers/bookmark_manager/spec/viewing_bookmarks_spec.rb": [
        1,
        1,
        1,
        1,
        1,
        1,
        1,
        1,
        null,
        null
      ]
    },
    "timestamp": 1533302192
  }
}
